<?xml version="1.0" encoding="UTF-8"?>
<testsuite xmlns:xsi="http://www.w3.org/2001/XMLSchema-instance" xsi:noNamespaceSchemaLocation="https://maven.apache.org/surefire/maven-surefire-plugin/xsd/surefire-test-report-3.0.xsd" version="3.0" name="pl.cp.sudoku.SudokuTest" time="0.28" tests="8" errors="0" skipped="0" failures="0">
  <properties>
[...]
</properties>
  <testcase name="testSudokuBoardCorrectness" classname="pl.cp.sudoku.SudokuTest" time="0.106">
    <system-out><![CDATA[Board correct!
Board correct!
Board correct!
Board correct!
Board correct!
Board correct!
Board correct!
Board correct!
Board correct!
Board correct!
Board correct!
Board correct!
Board correct!
Board correct!
Board correct!
Board correct!
Board correct!
Board correct!
Board correct!
Board correct!
Board correct!
Board correct!
Board correct!
Board correct!
Board correct!
Board correct!
Board correct!
Board correct!
Board correct!
Board correct!
Board correct!
Board correct!
Board correct!
Board correct!
Board correct!
Board correct!
Board correct!
Board correct!
Board correct!
Board correct!
Board correct!
Board correct!
Board correct!
Board correct!
Board correct!
Board correct!
Board correct!
Board correct!
Board correct!
Board correct!
Board correct!
Board correct!
Board correct!
Board correct!
Board correct!
Board correct!
Board correct!
Board correct!
Board correct!
Board correct!
Board correct!
Board correct!
Board correct!
Board correct!
Board correct!
Board correct!
Board correct!
Board correct!
Board correct!
Board correct!
Board correct!
Board correct!
Board correct!
Board correct!
Board correct!
Board correct!
Board correct!
Board correct!
Board correct!
Board correct!
Board correct!
Board correct!
Board correct!
Board correct!
Board correct!
Board correct!
Board correct!
Board correct!
Board correct!
Board correct!
Board correct!
Board correct!
Board correct!
Board correct!
Board correct!
Board correct!
Board correct!
Board correct!
Board correct!
Board correct!
Board correct!
Board correct!
Board correct!
Board correct!
Board correct!
Board correct!
Board correct!
Board correct!
Board correct!
Board correct!
Board correct!
Board correct!
Board correct!
Board correct!
Board correct!
Board correct!
Board correct!
Board correct!
Board correct!
Board correct!
Board correct!
Board correct!
Board correct!
Board correct!
Board correct!
Board correct!
Board correct!
Board correct!
Board correct!
Board correct!
Board correct!
Board correct!
Board correct!
Board correct!
Board correct!
Board correct!
Board correct!
Board correct!
Board correct!
Board correct!
Board correct!
Board correct!
Board correct!
Board correct!
Board correct!
Board correct!
Board correct!
Board correct!
Board correct!
Board correct!
Board correct!
Board correct!
Board correct!
Board correct!
Board correct!
Board correct!
Board correct!
Board correct!
Board correct!
Board correct!
Board correct!
Board correct!
Board correct!
Board correct!
Board correct!
Board correct!
Board correct!
Board correct!
Board correct!
Board correct!
Board correct!
Board correct!
Board correct!
Board correct!
Board correct!
Board correct!
Board correct!
Board correct!
Board correct!
Board correct!
Board correct!
Board correct!
Board correct!
Board correct!
Board correct!
Board correct!
Board correct!
Board correct!
Board correct!
Board correct!
Board correct!
Board correct!
Board correct!
Board correct!
Board correct!
Board correct!
Board correct!
Board correct!
Board correct!
Board correct!
Board correct!
Board correct!
Board correct!
Board correct!
Board correct!
Board correct!
Board correct!
Board correct!
Board correct!
Board correct!
Board correct!
Board correct!
Board correct!
Board correct!
Board correct!
Board correct!
Board correct!
Board correct!
Board correct!
Board correct!
Board correct!
Board correct!
Board correct!
Board correct!
Board correct!
Board correct!
Board correct!
Board correct!
Board correct!
Board correct!
Board correct!
Board correct!
Board correct!
Board correct!
Board correct!
Board correct!
Board correct!
Board correct!
Board correct!
Board correct!
Board correct!
Board correct!
Board correct!
Board correct!
Board correct!
Board correct!
Board correct!
Board correct!
Board correct!
Board correct!
Board correct!
Board correct!
Board correct!
Board correct!
Board correct!
Board correct!
Board correct!
Board correct!
Board correct!
Board correct!
Board correct!
Board correct!
Board correct!
Board correct!
Board correct!
Board correct!
Board correct!
Board correct!
Board correct!
Board correct!
Board correct!
Board correct!
Board correct!
Board correct!
Board correct!
Board correct!
Board correct!
Board correct!
Board correct!
Board correct!
Board correct!
Board correct!
Board correct!
Board correct!
Board correct!
Board correct!
Board correct!
Board correct!
Board correct!
Board correct!
Board correct!
Board correct!
Board correct!
Board correct!
Board correct!
Board correct!
Board correct!
Board correct!
Board correct!
Board correct!
Board correct!
Board correct!
Board correct!
Board correct!
Board correct!
Board correct!
Board correct!
Board correct!
Board correct!
Board correct!
Board correct!
Board correct!
Board correct!
Board correct!
Board correct!
Board correct!
Board correct!
Board correct!
Board correct!
Board correct!
Board correct!
Board correct!
Board correct!
Board correct!
Board correct!
Board correct!
Board correct!
Board correct!
Board correct!
Board correct!
Board correct!
Board correct!
Board correct!
Board correct!
Board correct!
Board correct!
Board correct!
Board correct!
Board correct!
Board correct!
Board correct!
Board correct!
Board correct!
Board correct!
Board correct!
Board correct!
Board correct!
Board correct!
Board correct!
Board correct!
Board correct!
Board correct!
Board correct!
Board correct!
Board correct!
Board correct!
Board correct!
Board correct!
Board correct!
Board correct!
Board correct!
Board correct!
Board correct!
Board correct!
Board correct!
Board correct!
Board correct!
Board correct!
Board correct!
Board correct!
Board correct!
Board correct!
Board correct!
Board correct!
Board correct!
Board correct!
Board correct!
Board correct!
Board correct!
Board correct!
Board correct!
Board correct!
Board correct!
Board correct!
Board correct!
Board correct!
Board correct!
Board correct!
Board correct!
Board correct!
Board correct!
Board correct!
Board correct!
Board correct!
Board correct!
Board correct!
Board correct!
Board correct!
Board correct!
Board correct!
Board correct!
Board correct!
Board correct!
Board correct!
Board correct!
Board correct!
Board correct!
Board correct!
Board correct!
Board correct!
Board correct!
Board correct!
Board correct!
Board correct!
Board correct!
Board correct!
Board correct!
Board correct!
Board correct!
Board correct!
Board correct!
Board correct!
Board correct!
Board correct!
Board correct!
Board correct!
Board correct!
Board correct!
]]></system-out>
  </testcase>
  <testcase name="testHashCodeTestForSudokuBoard" classname="pl.cp.sudoku.SudokuTest" time="0.009"/>
  <testcase name="testHashCodeTestForSudokuField" classname="pl.cp.sudoku.SudokuTest" time="0.004"/>
  <testcase name="testToStringTestForSudokuBoard" classname="pl.cp.sudoku.SudokuTest" time="0.066">
    <system-out><![CDATA[Board correct!
Board correct!
Board correct!
Board correct!
Board correct!
Board correct!
Board correct!
Board correct!
Board correct!
Board correct!
Board correct!
Board correct!
Board correct!
Board correct!
Board correct!
Board correct!
Board correct!
Board correct!
Board correct!
Board correct!
Board correct!
Board correct!
Board correct!
Board correct!
Board correct!
Board correct!
Board correct!
Board correct!
Board correct!
Board correct!
Board correct!
Board correct!
Board correct!
Board correct!
Board correct!
Board correct!
Board correct!
Board correct!
Board correct!
Board correct!
Board correct!
Board correct!
Board correct!
Board correct!
Board correct!
Board correct!
Board correct!
Board correct!
Board correct!
Board correct!
Board correct!
Board correct!
Board correct!
Board correct!
Board correct!
Board correct!
Board correct!
Board correct!
Board correct!
Board correct!
Board correct!
Board correct!
Board correct!
Board correct!
Board correct!
Board correct!
Board correct!
Board correct!
Board correct!
Board correct!
Board correct!
Board correct!
Board correct!
Board correct!
Board correct!
Board correct!
Board correct!
Board correct!
Board correct!
Board correct!
Board correct!
Board correct!
Board correct!
Board correct!
Board correct!
Board correct!
Board correct!
Board correct!
Board correct!
Board correct!
Board correct!
Board correct!
Board correct!
Board correct!
Board correct!
Board correct!
Board correct!
Board correct!
Board correct!
Board correct!
Board correct!
Board correct!
Board correct!
Board correct!
Board correct!
Board correct!
Board correct!
Board correct!
Board correct!
Board correct!
Board correct!
Board correct!
Board correct!
Board correct!
Board correct!
Board correct!
Board correct!
Board correct!
Board correct!
Board correct!
Board correct!
Board correct!
Board correct!
Board correct!
Board correct!
Board correct!
Board correct!
Board correct!
Board correct!
Board correct!
Board correct!
Board correct!
Board correct!
Board correct!
Board correct!
Board correct!
Board correct!
Board correct!
Board correct!
Board correct!
Board correct!
Board correct!
Board correct!
Board correct!
Board correct!
Board correct!
Board correct!
Board correct!
Board correct!
Board correct!
Board correct!
Board correct!
Board correct!
Board correct!
Board correct!
Board correct!
Board correct!
Board correct!
Board correct!
Board correct!
Board correct!
Board correct!
Board correct!
Board correct!
Board correct!
Board correct!
Board correct!
Board correct!
Board correct!
Board correct!
Board correct!
Board correct!
Board correct!
Board correct!
Board correct!
Board correct!
Board correct!
Board correct!
Board correct!
Board correct!
Board correct!
Board correct!
Board correct!
Board correct!
Board correct!
Board correct!
Board correct!
Board correct!
Board correct!
Board correct!
Board correct!
Board correct!
Board correct!
Board correct!
Board correct!
Board correct!
Board correct!
Board correct!
Board correct!
Board correct!
Board correct!
Board correct!
Board correct!
Board correct!
Board correct!
Board correct!
Board correct!
Board correct!
Board correct!
Board correct!
Board correct!
Board correct!
Board correct!
Board correct!
Board correct!
Board correct!
Board correct!
Board correct!
Board correct!
Board correct!
Board correct!
Board correct!
Board correct!
Board correct!
Board correct!
Board correct!
Board correct!
Board correct!
Board correct!
Board correct!
Board correct!
Board correct!
Board correct!
Board correct!
Board correct!
Board correct!
Board correct!
Board correct!
Board correct!
Board correct!
Board correct!
Board correct!
Board correct!
Board correct!
Board correct!
Board correct!
Board correct!
Board correct!
Board correct!
Board correct!
Board correct!
Board correct!
Board correct!
Board correct!
Board correct!
Board correct!
Board correct!
Board correct!
Board correct!
Board correct!
Board correct!
Board correct!
Board correct!
Board correct!
Board correct!
Board correct!
Board correct!
Board correct!
Board correct!
Board correct!
Board correct!
Board correct!
Board correct!
Board correct!
Board correct!
Board correct!
Board correct!
Board correct!
Board correct!
Board correct!
Board correct!
Board correct!
Board correct!
Board correct!
Board correct!
Board correct!
Board correct!
Board correct!
Board correct!
Board correct!
Board correct!
Board correct!
Board correct!
Board correct!
Board correct!
Board correct!
Board correct!
Board correct!
Board correct!
Board correct!
Board correct!
Board correct!
Board correct!
Board correct!
Board correct!
Board correct!
Board correct!
Board correct!
Board correct!
Board correct!
Board correct!
Board correct!
Board correct!
Board correct!
Board correct!
Board correct!
Board correct!
Board correct!
Board correct!
Board correct!
Board correct!
Board correct!
Board correct!
Board correct!
Board correct!
Board correct!
Board correct!
Board correct!
Board correct!
Board correct!
Board correct!
Board correct!
Board correct!
Board correct!
Board correct!
Board correct!
Board correct!
Board correct!
Board correct!
Board correct!
Board correct!
Board correct!
Board correct!
Board correct!
Board correct!
Board correct!
Board correct!
Board correct!
Board correct!
Board correct!
Board correct!
Board correct!
Board correct!
Board correct!
Board correct!
Board correct!
Board correct!
Board correct!
Board correct!
Board correct!
Board correct!
Board correct!
Board correct!
Board correct!
Board correct!
Board correct!
Board correct!
Board correct!
Board correct!
Board correct!
Board correct!
Board correct!
Board correct!
Board correct!
Board correct!
Board correct!
Board correct!
Board correct!
Board correct!
Board correct!
Board correct!
Board correct!
Board correct!
Board correct!
Board correct!
Board correct!
Board correct!
Board correct!
Board correct!
Board correct!
Board correct!
Board correct!
Board correct!
Board correct!
Board correct!
Board correct!
Board correct!
Board correct!
Board correct!
Board correct!
Board correct!
Board correct!
Board correct!
Board correct!
Board correct!
Board correct!
Board correct!
Board correct!
Board correct!
Board correct!
Board correct!
Board correct!
Board correct!
Board correct!
Board correct!
Board correct!
Board correct!
Board correct!
Board correct!
Board correct!
Board correct!
Board correct!
Board correct!
Board correct!
Board correct!
Board correct!
Board correct!
Board correct!
Board correct!
Board correct!
Board correct!
Board correct!
Board correct!
Board correct!
Board correct!
Board correct!
Board correct!
Board correct!
Board correct!
Board correct!
Board correct!
Board correct!
Board correct!
Board correct!
Board correct!
Board correct!
Board correct!
Board correct!
Board correct!
Board correct!
Board correct!
Board correct!
Board correct!
Board correct!
Board correct!
Board correct!
Board correct!
Board correct!
Board correct!
Board correct!
Board correct!
Board correct!
Board correct!
Board correct!
Board correct!
Board correct!
Board correct!
Board correct!
Board correct!
Board correct!
Board correct!
Board correct!
Board correct!
Board correct!
Board correct!
Board correct!
Board correct!
Board correct!
Board correct!
Board correct!
Board correct!
Board correct!
Board correct!
Board correct!
Board correct!
Board correct!
Board correct!
Board correct!
Board correct!
Board correct!
Board correct!
Board correct!
Board correct!
Board correct!
Board correct!
Board correct!
Board correct!
Board correct!
Board correct!
Board correct!
Board correct!
Board correct!
Board correct!
Board correct!
Board correct!
Board correct!
Board correct!
Board correct!
Board correct!
Board correct!
Board correct!
Board correct!
Board correct!
Board correct!
Board correct!
Board correct!
Board correct!
Board correct!
Board correct!
Board correct!
Board correct!
Board correct!
Board correct!
Board correct!
Board correct!
Board correct!
Board correct!
Board correct!
Board correct!
Board correct!
Board correct!
Board correct!
Board correct!
Board correct!
Board correct!
Board correct!
Board correct!
Board correct!
Board correct!
Board correct!
Board correct!
Board correct!
Board correct!
Board correct!
Board correct!
Board correct!
Board correct!
Board correct!
Board correct!
Board correct!
Board correct!
Board correct!
Board correct!
Board correct!
Board correct!
Board correct!
Board correct!
Board correct!
Board correct!
Board correct!
Board correct!
Board correct!
Board correct!
Board correct!
Board correct!
Board correct!
Board correct!
Board correct!
Board correct!
Board correct!
Board correct!
Board correct!
Board correct!
Board correct!
Board correct!
Board correct!
Board correct!
Board correct!
Board correct!
Board correct!
Board correct!
Board correct!
Board correct!
Board correct!
Board correct!
Board correct!
Board correct!
Board correct!
Board correct!
Board correct!
Board correct!
Board correct!
Board correct!
Board correct!
Board correct!
Board correct!
Board correct!
Board correct!
Board correct!
Board correct!
Board correct!
Board correct!
Board correct!
Board correct!
Board correct!
Board correct!
Board correct!
Board correct!
Board correct!
Board correct!
Board correct!
Board correct!
Board correct!
Board correct!
Board correct!
Board correct!
Board correct!
Board correct!
Board correct!
Board correct!
Board correct!
Board correct!
Board correct!
Board correct!
Board correct!
Board correct!
Board correct!
Board correct!
Board correct!
Board correct!
Board correct!
Board correct!
Board correct!
Board correct!
Board correct!
Board correct!
Board correct!
Board correct!
Board correct!
Board correct!
Board correct!
Board correct!
Board correct!
Board correct!
Board correct!
Board correct!
Board correct!
Board correct!
Board correct!
Board correct!
Board correct!
Board correct!
Board correct!
Board correct!
Board correct!
Board correct!
Board correct!
Board correct!
Board correct!
Board correct!
Board correct!
Board correct!
Board correct!
Board correct!
Board correct!
Board correct!
Board correct!
Board correct!
Board correct!
Board correct!
Board correct!
Board correct!
Board correct!
Board correct!
Board correct!
Board correct!
Board correct!
Board correct!
Board correct!
Board correct!
Board correct!
Board correct!
Board correct!
Board correct!
Board correct!
Board correct!
Board correct!
Board correct!
Board correct!
Board correct!
Board correct!
Board correct!
Board correct!
Board correct!
Board correct!
Board correct!
Board correct!
Board correct!
Board correct!
Board correct!
Board correct!
Board correct!
Board correct!
Board correct!
Board correct!
Board correct!
Board correct!
Board correct!
Board correct!
Board correct!
Board correct!
Board correct!
Board correct!
Board correct!
Board correct!
Board correct!
Board correct!
Board correct!
Board correct!
Board correct!
Board correct!
Board correct!
Board correct!
Board correct!
Board correct!
Board correct!
Board correct!
Board correct!
Board correct!
Board correct!
Board correct!
Board correct!
Board correct!
Board correct!
Board correct!
Board correct!
Board correct!
Board correct!
Board correct!
Board correct!
Board correct!
Board correct!
Board correct!
Board correct!
Board correct!
Board correct!
Board correct!
Board correct!
Board correct!
Board correct!
Board correct!
Board correct!
Board correct!
Board correct!
Board correct!
Board correct!
Board correct!
Board correct!
Board correct!
Board correct!
Board correct!
Board correct!
Board correct!
Board correct!
Board correct!
Board correct!
Board correct!
Board correct!
Board correct!
Board correct!
Board correct!
Board correct!
Board correct!
Board correct!
Board correct!
Board correct!
Board correct!
Board correct!
Board correct!
Board correct!
Board correct!
Board correct!
Board correct!
Board correct!
Board correct!
Board correct!
Board correct!
Board correct!
Board correct!
Board correct!
Board correct!
Board correct!
Board correct!
Board correct!
Board correct!
Board correct!
Board correct!
Board correct!
Board correct!
Board correct!
Board correct!
Board correct!
Board correct!
Board correct!
Board correct!
Board correct!
Board correct!
Board correct!
Board correct!
Board correct!
Board correct!
Board correct!
Board correct!
Board correct!
Board correct!
Board correct!
Board correct!
Board correct!
Board correct!
Board correct!
Board correct!
Board correct!
Board correct!
Board correct!
Board correct!
Board correct!
Board correct!
Board correct!
Board correct!
Board correct!
Board correct!
Board correct!
Board correct!
Board correct!
Board correct!
Board correct!
Board correct!
Board correct!
Board correct!
Board correct!
Board correct!
Board correct!
Board correct!
Board correct!
Board correct!
Board correct!
Board correct!
Board correct!
Board correct!
Board correct!
Board correct!
Board correct!
Board correct!
Board correct!
Board correct!
Board correct!
Board correct!
Board correct!
Board correct!
Board correct!
Board correct!
Board correct!
Board correct!
Board correct!
Board correct!
Board correct!
Board correct!
Board correct!
Board correct!
Board correct!
Board correct!
Board correct!
Board correct!
Board correct!
Board correct!
Board correct!
Board correct!
Board correct!
Board correct!
Board correct!
Board correct!
Board correct!
Board correct!
Board correct!
Board correct!
Board correct!
Board correct!
Board correct!
Board correct!
Board correct!
Board correct!
Board correct!
Board correct!
Board correct!
Board correct!
Board correct!
Board correct!
Board correct!
Board correct!
Board correct!
Board correct!
Board correct!
Board correct!
Board correct!
Board correct!
Board correct!
Board correct!
Board correct!
Board correct!
Board correct!
Board correct!
Board correct!
Board correct!
Board correct!
Board correct!
Board correct!
Board correct!
Board correct!
Board correct!
Board correct!
Board correct!
Board correct!
Board correct!
Board correct!
Board correct!
Board correct!
Board correct!
Board correct!
Board correct!
Board correct!
Board correct!
Board correct!
Board correct!
Board correct!
Board correct!
Board correct!
Board correct!
Board correct!
Board correct!
Board correct!
Board correct!
Board correct!
Board correct!
Board correct!
Board correct!
Board correct!
Board correct!
Board correct!
Board correct!
Board correct!
Board correct!
Board correct!
Board correct!
Board correct!
Board correct!
Board correct!
Board correct!
Board correct!
Board correct!
Board correct!
Board correct!
Board correct!
Board correct!
Board correct!
Board correct!
Board correct!
Board correct!
Board correct!
Board correct!
Board correct!
Board correct!
Board correct!
Board correct!
Board correct!
Board correct!
Board correct!
Board correct!
Board correct!
Board correct!
Board correct!
Board correct!
Board correct!
Board correct!
Board correct!
Board correct!
Board correct!
Board correct!
Board correct!
Board correct!
Board correct!
Board correct!
Board correct!
Board correct!
Board correct!
Board correct!
Board correct!
Board correct!
Board correct!
Board correct!
Board correct!
Board correct!
Board correct!
Board correct!
Board correct!
Board correct!
Board correct!
Board correct!
Board correct!
Board correct!
Board correct!
Board correct!
Board correct!
Board correct!
Board correct!
Board correct!
Board correct!
Board correct!
Board correct!
Board correct!
Board correct!
Board correct!
Board correct!
Board correct!
Board correct!
Board correct!
Board correct!
Board correct!
Board correct!
Board correct!
Board correct!
Board correct!
Board correct!
Board correct!
Board correct!
Board correct!
Board correct!
Board correct!
Board correct!
Board correct!
Board correct!
Board correct!
Board correct!
Board correct!
Board correct!
Board correct!
Board correct!
Board correct!
Board correct!
Board correct!
Board correct!
Board correct!
Board correct!
Board correct!
Board correct!
Board correct!
Board correct!
Board correct!
Board correct!
Board correct!
Board correct!
Board correct!
Board correct!
Board correct!
Board correct!
Board correct!
Board correct!
Board correct!
Board correct!
Board correct!
Board correct!
Board correct!
Board correct!
Board correct!
Board correct!
Board correct!
Board correct!
Board correct!
Board correct!
Board correct!
Board correct!
Board correct!
Board correct!
Board correct!
Board correct!
Board correct!
Board correct!
Board correct!
Board correct!
Board correct!
Board correct!
Board correct!
Board correct!
Board correct!
Board correct!
Board correct!
Board correct!
Board correct!
Board correct!
Board correct!
Board correct!
Board correct!
Board correct!
Board correct!
Board correct!
Board correct!
Board correct!
Board correct!
Board correct!
Board correct!
]]></system-out>
  </testcase>
  <testcase name="testToStringTestForSudokuField" classname="pl.cp.sudoku.SudokuTest" time="0.003"/>
  <testcase name="testNoSudokuBoardRepetitiveness" classname="pl.cp.sudoku.SudokuTest" time="0.028">
    <system-out><![CDATA[Board correct!
Board correct!
Board correct!
Board correct!
Board correct!
Board correct!
Board correct!
Board correct!
Board correct!
Board correct!
Board correct!
Board correct!
Board correct!
Board correct!
Board correct!
Board correct!
Board correct!
Board correct!
Board correct!
Board correct!
Board correct!
Board correct!
Board correct!
Board correct!
Board correct!
Board correct!
Board correct!
Board correct!
Board correct!
Board correct!
Board correct!
Board correct!
Board correct!
Board correct!
Board correct!
Board correct!
Board correct!
Board correct!
Board correct!
Board correct!
Board correct!
Board correct!
Board correct!
Board correct!
Board correct!
Board correct!
Board correct!
Board correct!
Board correct!
Board correct!
Board correct!
Board correct!
Board correct!
Board correct!
Board correct!
Board correct!
Board correct!
Board correct!
Board correct!
Board correct!
Board correct!
Board correct!
Board correct!
Board correct!
Board correct!
Board correct!
Board correct!
Board correct!
Board correct!
Board correct!
Board correct!
Board correct!
Board correct!
Board correct!
Board correct!
Board correct!
Board correct!
Board correct!
Board correct!
Board correct!
Board correct!
Board correct!
Board correct!
Board correct!
Board correct!
Board correct!
Board correct!
Board correct!
Board correct!
Board correct!
Board correct!
Board correct!
Board correct!
Board correct!
Board correct!
Board correct!
Board correct!
Board correct!
Board correct!
Board correct!
Board correct!
Board correct!
Board correct!
Board correct!
Board correct!
Board correct!
Board correct!
Board correct!
Board correct!
Board correct!
Board correct!
Board correct!
Board correct!
Board correct!
Board correct!
Board correct!
Board correct!
Board correct!
Board correct!
Board correct!
Board correct!
Board correct!
Board correct!
Board correct!
Board correct!
Board correct!
Board correct!
Board correct!
Board correct!
Board correct!
Board correct!
Board correct!
Board correct!
Board correct!
Board correct!
Board correct!
Board correct!
Board correct!
Board correct!
Board correct!
Board correct!
Board correct!
Board correct!
Board correct!
Board correct!
Board correct!
Board correct!
Board correct!
Board correct!
Board correct!
Board correct!
Board correct!
Board correct!
Board correct!
Board correct!
Board correct!
Board correct!
Board correct!
Board correct!
Board correct!
Board correct!
Board correct!
Board correct!
Board correct!
Board correct!
Board correct!
Board correct!
Board correct!
Board correct!
Board correct!
Board correct!
Board correct!
Board correct!
Board correct!
Board correct!
Board correct!
Board correct!
Board correct!
Board correct!
Board correct!
Board correct!
Board correct!
Board correct!
Board correct!
Board correct!
Board correct!
Board correct!
Board correct!
Board correct!
Board correct!
Board correct!
Board correct!
Board correct!
Board correct!
Board correct!
Board correct!
Board correct!
Board correct!
Board correct!
Board correct!
Board correct!
Board correct!
Board correct!
Board correct!
Board correct!
Board correct!
Board correct!
Board correct!
Board correct!
Board correct!
Board correct!
Board correct!
Board correct!
Board correct!
Board correct!
Board correct!
Board correct!
Board correct!
Board correct!
Board correct!
Board correct!
Board correct!
Board correct!
Board correct!
Board correct!
Board correct!
Board correct!
Board correct!
Board correct!
Board correct!
Board correct!
Board correct!
Board correct!
Board correct!
Board correct!
Board correct!
Board correct!
Board correct!
Board correct!
Board correct!
Board correct!
Board correct!
Board correct!
Board correct!
Board correct!
Board correct!
Board correct!
Board correct!
Board correct!
Board correct!
Board correct!
Board correct!
Board correct!
Board correct!
Board correct!
Board correct!
Board correct!
Board correct!
Board correct!
Board correct!
Board correct!
Board correct!
Board correct!
Board correct!
Board correct!
Board correct!
Board correct!
Board correct!
Board correct!
Board correct!
Board correct!
Board correct!
Board correct!
Board correct!
Board correct!
Board correct!
Board correct!
Board correct!
Board correct!
Board correct!
Board correct!
Board correct!
Board correct!
Board correct!
Board correct!
Board correct!
Board correct!
Board correct!
Board correct!
Board correct!
Board correct!
Board correct!
Board correct!
Board correct!
Board correct!
Board correct!
Board correct!
Board correct!
Board correct!
Board correct!
Board correct!
Board correct!
Board correct!
Board correct!
Board correct!
Board correct!
Board correct!
Board correct!
Board correct!
Board correct!
Board correct!
Board correct!
Board correct!
Board correct!
Board correct!
Board correct!
Board correct!
Board correct!
Board correct!
Board correct!
Board correct!
Board correct!
Board correct!
Board correct!
Board correct!
Board correct!
Board correct!
Board correct!
Board correct!
Board correct!
Board correct!
Board correct!
Board correct!
Board correct!
Board correct!
Board correct!
Board correct!
Board correct!
Board correct!
Board correct!
Board correct!
Board correct!
Board correct!
Board correct!
Board correct!
Board correct!
Board correct!
Board correct!
Board correct!
Board correct!
Board correct!
Board correct!
Board correct!
Board correct!
Board correct!
Board correct!
Board correct!
Board correct!
Board correct!
Board correct!
Board correct!
Board correct!
Board correct!
Board correct!
Board correct!
Board correct!
Board correct!
Board correct!
Board correct!
Board correct!
Board correct!
Board correct!
Board correct!
Board correct!
Board correct!
Board correct!
Board correct!
Board correct!
Board correct!
Board correct!
Board correct!
Board correct!
Board correct!
Board correct!
Board correct!
Board correct!
Board correct!
Board correct!
Board correct!
Board correct!
Board correct!
Board correct!
Board correct!
Board correct!
Board correct!
Board correct!
Board correct!
Board correct!
Board correct!
Board correct!
Board correct!
Board correct!
Board correct!
Board correct!
Board correct!
Board correct!
Board correct!
Board correct!
Board correct!
Board correct!
Board correct!
Board correct!
Board correct!
Board correct!
Board correct!
Board correct!
Board correct!
Board correct!
Board correct!
Board correct!
Board correct!
Board correct!
Board correct!
Board correct!
Board correct!
Board correct!
Board correct!
Board correct!
Board correct!
Board correct!
Board correct!
Board correct!
Board correct!
Board correct!
Board correct!
Board correct!
Board correct!
Board correct!
Board correct!
Board correct!
Board correct!
Board correct!
Board correct!
Board correct!
Board correct!
Board correct!
Board correct!
Board correct!
Board correct!
Board correct!
Board correct!
Board correct!
Board correct!
Board correct!
Board correct!
Board correct!
Board correct!
Board correct!
Board correct!
Board correct!
Board correct!
Board correct!
Board correct!
Board correct!
Board correct!
Board correct!
Board correct!
Board correct!
Board correct!
Board correct!
Board correct!
Board correct!
Board correct!
Board correct!
Board correct!
Board correct!
Board correct!
Board correct!
Board correct!
Board correct!
Board correct!
Board correct!
Board correct!
Board correct!
Board correct!
Board correct!
Board correct!
Board correct!
Board correct!
Board correct!
Board correct!
Board correct!
Board correct!
Board correct!
Board correct!
Board correct!
Board correct!
Board correct!
Board correct!
Board correct!
Board correct!
Board correct!
Board correct!
Board correct!
Board correct!
Board correct!
Board correct!
Board correct!
Board correct!
Board correct!
Board correct!
Board correct!
Board correct!
Board correct!
Board correct!
Board correct!
Board correct!
Board correct!
Board correct!
Board correct!
Board correct!
Board correct!
Board correct!
Board correct!
Board correct!
Board correct!
Board correct!
Board correct!
Board correct!
Board correct!
Board correct!
Board correct!
Board correct!
Board correct!
Board correct!
Board correct!
Board correct!
Board correct!
Board correct!
Board correct!
Board correct!
Board correct!
Board correct!
Board correct!
Board correct!
Board correct!
Board correct!
Board correct!
Board correct!
Board correct!
Board correct!
Board correct!
Board correct!
Board correct!
Board correct!
Board correct!
Board correct!
Board correct!
Board correct!
Board correct!
Board correct!
Board correct!
Board correct!
Board correct!
Board correct!
Board correct!
Board correct!
Board correct!
Board correct!
Board correct!
Board correct!
Board correct!
Board correct!
Board correct!
Board correct!
Board correct!
Board correct!
Board correct!
Board correct!
Board correct!
Board correct!
Board correct!
Board correct!
Board correct!
Board correct!
Board correct!
Board correct!
Board correct!
Board correct!
Board correct!
Board correct!
Board correct!
Board correct!
Board correct!
Board correct!
Board correct!
Board correct!
Board correct!
Board correct!
Board correct!
Board correct!
Board correct!
Board correct!
Board correct!
Board correct!
Board correct!
Board correct!
Board correct!
Board correct!
Board correct!
Board correct!
Board correct!
Board correct!
Board correct!
Board correct!
Board correct!
Board correct!
Board correct!
Board correct!
Board correct!
Board correct!
Board correct!
Board correct!
Board correct!
Board correct!
Board correct!
Board correct!
Board correct!
Board correct!
Board correct!
Board correct!
Board correct!
Board correct!
Board correct!
Board correct!
Board correct!
Board correct!
Board correct!
Board correct!
Board correct!
Board correct!
Board correct!
Board correct!
Board correct!
Board correct!
Board correct!
Board correct!
Board correct!
Board correct!
Board correct!
Board correct!
Board correct!
Board correct!
Board correct!
Board correct!
Board correct!
Board correct!
Board correct!
Board correct!
Board correct!
Board correct!
Board correct!
Board correct!
Board correct!
Board correct!
Board correct!
Board correct!
Board correct!
Board correct!
Board correct!
Board correct!
Board correct!
Board correct!
Board correct!
Board correct!
Board correct!
Board correct!
Board correct!
Board correct!
Board correct!
Board correct!
Board correct!
Board correct!
Board correct!
Board correct!
Board correct!
Board correct!
Board correct!
Board correct!
Board correct!
Board correct!
Board correct!
Board correct!
Board correct!
Board correct!
Board correct!
Board correct!
Board correct!
Board correct!
Board correct!
Board correct!
Board correct!
Board correct!
Board correct!
Board correct!
Board correct!
Board correct!
Board correct!
Board correct!
Board correct!
Board correct!
Board correct!
Board correct!
Board correct!
Board correct!
Board correct!
Board correct!
Board correct!
Board correct!
Board correct!
Board correct!
Board correct!
Board correct!
Board correct!
Board correct!
Board correct!
Board correct!
Board correct!
Board correct!
Board correct!
Board correct!
Board correct!
Board correct!
Board correct!
Board correct!
Board correct!
Board correct!
Board correct!
Board correct!
Board correct!
Board correct!
Board correct!
Board correct!
Board correct!
Board correct!
Board correct!
Board correct!
Board correct!
Board correct!
Board correct!
Board correct!
Board correct!
Board correct!
Board correct!
Board correct!
Board correct!
Board correct!
Board correct!
Board correct!
Board correct!
Board correct!
Board correct!
Board correct!
Board correct!
Board correct!
Board correct!
Board correct!
Board correct!
Board correct!
Board correct!
Board correct!
Board correct!
Board correct!
Board correct!
Board correct!
Board correct!
Board correct!
Board correct!
Board correct!
Board correct!
Board correct!
Board correct!
Board correct!
Board correct!
Board correct!
Board correct!
Board correct!
Board correct!
Board correct!
Board correct!
Board correct!
Board correct!
Board correct!
Board correct!
Board correct!
Board correct!
Board correct!
Board correct!
Board correct!
Board correct!
Board correct!
Board correct!
Board correct!
Board correct!
Board correct!
Board correct!
Board correct!
Board correct!
Board correct!
Board correct!
Board correct!
Board correct!
Board correct!
Board correct!
Board correct!
Board correct!
Board correct!
Board correct!
Board correct!
Board correct!
Board correct!
Board correct!
Board correct!
Board correct!
Board correct!
Board correct!
Board correct!
Board correct!
Board correct!
Board correct!
Board correct!
Board correct!
Board correct!
Board correct!
Board correct!
Board correct!
Board correct!
Board correct!
Board correct!
Board correct!
Board correct!
Board correct!
Board correct!
Board correct!
Board correct!
Board correct!
Board correct!
Board correct!
Board correct!
Board correct!
Board correct!
Board correct!
Board correct!
Board correct!
Board correct!
Board correct!
Board correct!
Board correct!
Board correct!
Board correct!
Board correct!
Board correct!
Board correct!
Board correct!
Board correct!
Board correct!
Board correct!
Board correct!
Board correct!
Board correct!
Board correct!
Board correct!
Board correct!
Board correct!
Board correct!
Board correct!
Board correct!
Board correct!
Board correct!
Board correct!
Board correct!
Board correct!
Board correct!
Board correct!
Board correct!
Board correct!
Board correct!
Board correct!
Board correct!
Board correct!
Board correct!
Board correct!
Board correct!
Board correct!
Board correct!
Board correct!
Board correct!
Board correct!
Board correct!
Board correct!
Board correct!
Board correct!
Board correct!
Board correct!
Board correct!
Board correct!
Board correct!
Board correct!
Board correct!
Board correct!
Board correct!
Board correct!
Board correct!
Board correct!
Board correct!
Board correct!
Board correct!
Board correct!
Board correct!
Board correct!
Board correct!
Board correct!
Board correct!
Board correct!
Board correct!
Board correct!
Board correct!
Board correct!
Board correct!
Board correct!
Board correct!
Board correct!
Board correct!
Board correct!
Board correct!
Board correct!
Board correct!
Board correct!
Board correct!
Board correct!
Board correct!
Board correct!
Board correct!
Board correct!
Board correct!
Board correct!
Board correct!
Board correct!
Board correct!
Board correct!
Board correct!
Board correct!
Board correct!
Board correct!
Board correct!
Board correct!
Board correct!
Board correct!
Board correct!
Board correct!
Board correct!
Board correct!
Board correct!
Board correct!
Board correct!
Board correct!
Board correct!
Board correct!
Board correct!
Board correct!
Board correct!
Board correct!
Board correct!
Board correct!
Board correct!
Board correct!
Board correct!
Board correct!
Board correct!
Board correct!
Board correct!
Board correct!
Board correct!
Board correct!
Board correct!
Board correct!
Board correct!
Board correct!
Board correct!
Board correct!
Board correct!
Board correct!
Board correct!
Board correct!
Board correct!
Board correct!
Board correct!
Board correct!
Board correct!
Board correct!
Board correct!
Board correct!
Board correct!
Board correct!
Board correct!
Board correct!
Board correct!
Board correct!
Board correct!
Board correct!
Board correct!
Board correct!
Board correct!
Board correct!
Board correct!
Board correct!
Board correct!
Board correct!
Board correct!
Board correct!
Board correct!
Board correct!
Board correct!
Board correct!
Board correct!
Board correct!
Board correct!
Board correct!
Board correct!
Board correct!
Board correct!
Board correct!
Board correct!
Board correct!
Board correct!
Board correct!
Board correct!
Board correct!
Board correct!
Board correct!
Board correct!
Board correct!
Board correct!
Board correct!
Board correct!
Board correct!
Board correct!
Board correct!
Board correct!
Board correct!
Board correct!
Board correct!
Board correct!
Board correct!
Board correct!
Board correct!
Board correct!
Board correct!
Board correct!
Board correct!
Board correct!
Board correct!
Board correct!
Board correct!
Board correct!
Board correct!
Board correct!
Board correct!
Board correct!
Board correct!
Board correct!
Board correct!
Board correct!
Board correct!
Board correct!
Board correct!
Board correct!
Board correct!
Board correct!
Board correct!
Board correct!
Board correct!
Board correct!
Board correct!
Board correct!
Board correct!
Board correct!
Board correct!
Board correct!
Board correct!
Board correct!
Board correct!
Board correct!
Board correct!
Board correct!
Board correct!
Board correct!
Board correct!
Board correct!
Board correct!
Board correct!
Board correct!
Board correct!
Board correct!
Board correct!
Board correct!
Board correct!
Board correct!
Board correct!
Board correct!
Board correct!
Board correct!
Board correct!
Board correct!
Board correct!
Board correct!
Board correct!
Board correct!
Board correct!
Board correct!
Board correct!
Board correct!
Board correct!
Board correct!
Board correct!
Board correct!
Board correct!
Board correct!
Board correct!
Board correct!
Board correct!
Board correct!
Board correct!
Board correct!
Board correct!
Board correct!
Board correct!
Board correct!
Board correct!
Board correct!
Board correct!
Board correct!
Board correct!
Board correct!
Board correct!
Board correct!
Board correct!
Board correct!
Board correct!
Board correct!
Board correct!
Board correct!
Board correct!
Board correct!
Board correct!
Board correct!
Board correct!
Board correct!
Board correct!
Board correct!
Board correct!
Board correct!
Board correct!
Board correct!
Board correct!
Board correct!
Board correct!
Board correct!
Board correct!
Board correct!
Board correct!
Board correct!
Board correct!
Board correct!
Board correct!
Board correct!
Board correct!
Board correct!
Board correct!
Board correct!
Board correct!
Board correct!
Board correct!
Board correct!
Board correct!
Board correct!
Board correct!
Board correct!
Board correct!
Board correct!
Board correct!
Board correct!
Board correct!
Board correct!
Board correct!
Board correct!
Board correct!
Board correct!
Board correct!
Board correct!
Board correct!
Board correct!
Board correct!
Board correct!
Board correct!
Board correct!
Board correct!
Board correct!
Board correct!
Board correct!
Board correct!
Board correct!
Board correct!
Board correct!
Board correct!
Board correct!
Board correct!
Board correct!
Board correct!
Board correct!
Board correct!
Board correct!
Board correct!
Board correct!
Board correct!
Board correct!
Board correct!
Board correct!
Board correct!
Board correct!
Board correct!
Board correct!
Board correct!
Board correct!
Board correct!
Board correct!
Board correct!
Board correct!
Board correct!
Board correct!
Board correct!
Board correct!
Board correct!
Board correct!
Board correct!
Board correct!
Board correct!
Board correct!
Board correct!
Board correct!
Board correct!
Board correct!
Board correct!
Board correct!
Board correct!
Board correct!
Board correct!
Board correct!
Board correct!
Board correct!
Board correct!
Board correct!
Board correct!
Board correct!
Board correct!
Board correct!
Board correct!
Board correct!
Board correct!
Board correct!
Board correct!
Board correct!
Board correct!
Board correct!
Board correct!
Board correct!
Board correct!
Board correct!
Board correct!
Board correct!
Board correct!
Board correct!
Board correct!
Board correct!
Board correct!
Board correct!
Board correct!
Board correct!
Board correct!
Board correct!
Board correct!
Board correct!
Board correct!
Board correct!
Board correct!
Board correct!
Board correct!
Board correct!
Board correct!
Board correct!
Board correct!
Board correct!
Board correct!
Board correct!
Board correct!
Board correct!
Board correct!
Board correct!
Board correct!
Board correct!
Board correct!
Board correct!
Board correct!
Board correct!
Board correct!
Board correct!
Board correct!
Board correct!
Board correct!
Board correct!
Board correct!
Board correct!
Board correct!
Board correct!
Board correct!
Board correct!
Board correct!
Board correct!
Board correct!
Board correct!
Board correct!
Board correct!
Board correct!
Board correct!
Board correct!
Board correct!
Board correct!
Board correct!
Board correct!
Board correct!
Board correct!
Board correct!
Board correct!
Board correct!
Board correct!
Board correct!
Board correct!
Board correct!
Board correct!
Board correct!
Board correct!
Board correct!
Board correct!
Board correct!
Board correct!
Board correct!
Board correct!
Board correct!
Board correct!
Board correct!
Board correct!
Board correct!
Board correct!
Board correct!
Board correct!
Board correct!
Board correct!
Board correct!
Board correct!
Board correct!
Board correct!
Board correct!
Board correct!
Board correct!
Board correct!
Board correct!
Board correct!
Board correct!
Board correct!
Board correct!
Board correct!
Board correct!
Board correct!
Board correct!
Board correct!
Board correct!
Board correct!
Board correct!
Board correct!
Board correct!
Board correct!
Board correct!
Board correct!
Board correct!
Board correct!
Board correct!
Board correct!
Board correct!
Board correct!
Board correct!
Board correct!
Board correct!
Board correct!
Board correct!
Board correct!
Board correct!
Board correct!
Board correct!
Board correct!
Board correct!
Board correct!
Board correct!
Board correct!
Board correct!
Board correct!
Board correct!
Board correct!
Board correct!
Board correct!
Board correct!
Board correct!
Board correct!
Board correct!
Board correct!
Board correct!
Board correct!
Board correct!
Board correct!
Board correct!
Board correct!
Board correct!
Board correct!
Board correct!
Board correct!
Board correct!
Board correct!
Board correct!
Board correct!
Board correct!
Board correct!
Board correct!
Board correct!
Board correct!
Board correct!
Board correct!
Board correct!
Board correct!
Board correct!
Board correct!
Board correct!
Board correct!
Board correct!
Board correct!
Board correct!
Board correct!
Board correct!
Board correct!
Board correct!
Board correct!
Board correct!
Board correct!
Board correct!
Board correct!
Board correct!
Board correct!
Board correct!
Board correct!
Board correct!
Board correct!
Board correct!
Board correct!
Board correct!
Board correct!
Board correct!
Board correct!
Board correct!
Board correct!
Board correct!
Board correct!
Board correct!
Board correct!
Board correct!
Board correct!
Board correct!
Board correct!
Board correct!
Board correct!
Board correct!
Board correct!
Board correct!
Board correct!
Board correct!
Board correct!
Board correct!
Board correct!
Board correct!
]]></system-out>
  </testcase>
  <testcase name="testEqualsTestForSudokuBoard" classname="pl.cp.sudoku.SudokuTest" time="0.011">
    <system-out><![CDATA[Works but values are nulls
]]></system-out>
  </testcase>
  <testcase name="testEqualsTestForSudokuField" classname="pl.cp.sudoku.SudokuTest" time="0.004"/>
</testsuite>